  DoublyLinkedList.cpp
B:\A drive\Git\CS2250\CS2250_HW_DoublyLinkedList_Broken\CS2250_HW_DoublyLinkedList_Broken\CS2250_DoublyLinkedList_Broken\DoublyLinkedList.cpp(19,25): error C2955: 'DoublyLinkedListNode': use of class template requires template argument list
B:\A drive\Git\CS2250\CS2250_HW_DoublyLinkedList_Broken\CS2250_HW_DoublyLinkedList_Broken\CS2250_DoublyLinkedList_Broken\DoublyLinkedListNode.h(11): message : see declaration of 'DoublyLinkedListNode'
B:\A drive\Git\CS2250\CS2250_HW_DoublyLinkedList_Broken\CS2250_HW_DoublyLinkedList_Broken\CS2250_DoublyLinkedList_Broken\DoublyLinkedList.cpp(19,49): error C2440: 'initializing': cannot convert from 'DoublyLinkedListNode<int> *const ' to 'DoublyLinkedListNode *'
B:\A drive\Git\CS2250\CS2250_HW_DoublyLinkedList_Broken\CS2250_HW_DoublyLinkedList_Broken\CS2250_DoublyLinkedList_Broken\DoublyLinkedList.cpp(19,36): message : Types pointed to are unrelated; conversion requires reinterpret_cast, C-style cast or parenthesized function-style cast
B:\A drive\Git\CS2250\CS2250_HW_DoublyLinkedList_Broken\CS2250_HW_DoublyLinkedList_Broken\CS2250_DoublyLinkedList_Broken\DoublyLinkedList.cpp(25,66): error C2514: 'DoublyLinkedListNode': class template cannot be constructed
B:\A drive\Git\CS2250\CS2250_HW_DoublyLinkedList_Broken\CS2250_HW_DoublyLinkedList_Broken\CS2250_DoublyLinkedList_Broken\DoublyLinkedListNode.h(11): message : see declaration of 'DoublyLinkedListNode'
B:\A drive\Git\CS2250\CS2250_HW_DoublyLinkedList_Broken\CS2250_HW_DoublyLinkedList_Broken\CS2250_DoublyLinkedList_Broken\DoublyLinkedList.cpp(26,44): error C2440: 'initializing': cannot convert from 'DoublyLinkedListNode<int> *' to 'DoublyLinkedListNode *'
B:\A drive\Git\CS2250\CS2250_HW_DoublyLinkedList_Broken\CS2250_HW_DoublyLinkedList_Broken\CS2250_DoublyLinkedList_Broken\DoublyLinkedList.cpp(26,36): message : Types pointed to are unrelated; conversion requires reinterpret_cast, C-style cast or parenthesized function-style cast
B:\A drive\Git\CS2250\CS2250_HW_DoublyLinkedList_Broken\CS2250_HW_DoublyLinkedList_Broken\CS2250_DoublyLinkedList_Broken\DoublyLinkedList.cpp(27,38): error C2662: 'DoublyLinkedListNode<T> *DoublyLinkedListNode<T>::GetNext(void) const': cannot convert 'this' pointer from 'DoublyLinkedListNode' to 'const DoublyLinkedListNode<T> &'
B:\A drive\Git\CS2250\CS2250_HW_DoublyLinkedList_Broken\CS2250_HW_DoublyLinkedList_Broken\CS2250_DoublyLinkedList_Broken\DoublyLinkedList.cpp(27,38): message : Reason: cannot convert from 'DoublyLinkedListNode' to 'const DoublyLinkedListNode<T>'
B:\A drive\Git\CS2250\CS2250_HW_DoublyLinkedList_Broken\CS2250_HW_DoublyLinkedList_Broken\CS2250_DoublyLinkedList_Broken\DoublyLinkedList.cpp(27,20): message : Conversion requires a second user-defined-conversion operator or constructor
B:\A drive\Git\CS2250\CS2250_HW_DoublyLinkedList_Broken\CS2250_HW_DoublyLinkedList_Broken\CS2250_DoublyLinkedList_Broken\DoublyLinkedListNode.h(24,27): message : see declaration of 'DoublyLinkedListNode<T>::GetNext'
B:\A drive\Git\CS2250\CS2250_HW_DoublyLinkedList_Broken\CS2250_HW_DoublyLinkedList_Broken\CS2250_DoublyLinkedList_Broken\DoublyLinkedList.cpp(31,85): error C2662: 'int DoublyLinkedListNode<T>::GetData(void) const': cannot convert 'this' pointer from 'DoublyLinkedListNode' to 'const DoublyLinkedListNode<T> &'
B:\A drive\Git\CS2250\CS2250_HW_DoublyLinkedList_Broken\CS2250_HW_DoublyLinkedList_Broken\CS2250_DoublyLinkedList_Broken\DoublyLinkedList.cpp(31,85): message : Reason: cannot convert from 'DoublyLinkedListNode' to 'const DoublyLinkedListNode<T>'
B:\A drive\Git\CS2250\CS2250_HW_DoublyLinkedList_Broken\CS2250_HW_DoublyLinkedList_Broken\CS2250_DoublyLinkedList_Broken\DoublyLinkedList.cpp(31,67): message : Conversion requires a second user-defined-conversion operator or constructor
B:\A drive\Git\CS2250\CS2250_HW_DoublyLinkedList_Broken\CS2250_HW_DoublyLinkedList_Broken\CS2250_DoublyLinkedList_Broken\DoublyLinkedListNode.h(23,6): message : see declaration of 'DoublyLinkedListNode<T>::GetData'
B:\A drive\Git\CS2250\CS2250_HW_DoublyLinkedList_Broken\CS2250_HW_DoublyLinkedList_Broken\CS2250_DoublyLinkedList_Broken\DoublyLinkedList.cpp(31,87): error C2514: 'DoublyLinkedListNode': class template cannot be constructed
B:\A drive\Git\CS2250\CS2250_HW_DoublyLinkedList_Broken\CS2250_HW_DoublyLinkedList_Broken\CS2250_DoublyLinkedList_Broken\DoublyLinkedListNode.h(11): message : see declaration of 'DoublyLinkedListNode'
B:\A drive\Git\CS2250\CS2250_HW_DoublyLinkedList_Broken\CS2250_HW_DoublyLinkedList_Broken\CS2250_DoublyLinkedList_Broken\DoublyLinkedList.cpp(32,31): error C2662: 'void DoublyLinkedListNode<T>::SetNext(DoublyLinkedListNode<T> *)': cannot convert 'this' pointer from 'DoublyLinkedListNode' to 'DoublyLinkedListNode<T> &'
B:\A drive\Git\CS2250\CS2250_HW_DoublyLinkedList_Broken\CS2250_HW_DoublyLinkedList_Broken\CS2250_DoublyLinkedList_Broken\DoublyLinkedList.cpp(32,31): message : Reason: cannot convert from 'DoublyLinkedListNode' to 'DoublyLinkedListNode<T>'
B:\A drive\Git\CS2250\CS2250_HW_DoublyLinkedList_Broken\CS2250_HW_DoublyLinkedList_Broken\CS2250_DoublyLinkedList_Broken\DoublyLinkedList.cpp(32,13): message : Conversion requires a second user-defined-conversion operator or constructor
B:\A drive\Git\CS2250\CS2250_HW_DoublyLinkedList_Broken\CS2250_HW_DoublyLinkedList_Broken\CS2250_DoublyLinkedList_Broken\DoublyLinkedListNode.h(29,7): message : see declaration of 'DoublyLinkedListNode<T>::SetNext'
B:\A drive\Git\CS2250\CS2250_HW_DoublyLinkedList_Broken\CS2250_HW_DoublyLinkedList_Broken\CS2250_DoublyLinkedList_Broken\DoublyLinkedList.cpp(34,42): error C2662: 'DoublyLinkedListNode<T> *DoublyLinkedListNode<T>::GetNext(void) const': cannot convert 'this' pointer from 'DoublyLinkedListNode' to 'const DoublyLinkedListNode<T> &'
B:\A drive\Git\CS2250\CS2250_HW_DoublyLinkedList_Broken\CS2250_HW_DoublyLinkedList_Broken\CS2250_DoublyLinkedList_Broken\DoublyLinkedList.cpp(34,42): message : Reason: cannot convert from 'DoublyLinkedListNode' to 'const DoublyLinkedListNode<T>'
B:\A drive\Git\CS2250\CS2250_HW_DoublyLinkedList_Broken\CS2250_HW_DoublyLinkedList_Broken\CS2250_DoublyLinkedList_Broken\DoublyLinkedList.cpp(34,24): message : Conversion requires a second user-defined-conversion operator or constructor
B:\A drive\Git\CS2250\CS2250_HW_DoublyLinkedList_Broken\CS2250_HW_DoublyLinkedList_Broken\CS2250_DoublyLinkedList_Broken\DoublyLinkedListNode.h(24,27): message : see declaration of 'DoublyLinkedListNode<T>::GetNext'
B:\A drive\Git\CS2250\CS2250_HW_DoublyLinkedList_Broken\CS2250_HW_DoublyLinkedList_Broken\CS2250_DoublyLinkedList_Broken\DoublyLinkedList.cpp(44,51): error C2440: 'initializing': cannot convert from 'DoublyLinkedListNode<int> *' to 'DoublyLinkedListNode *'
B:\A drive\Git\CS2250\CS2250_HW_DoublyLinkedList_Broken\CS2250_HW_DoublyLinkedList_Broken\CS2250_DoublyLinkedList_Broken\DoublyLinkedList.cpp(44,32): message : Types pointed to are unrelated; conversion requires reinterpret_cast, C-style cast or parenthesized function-style cast
B:\A drive\Git\CS2250\CS2250_HW_DoublyLinkedList_Broken\CS2250_HW_DoublyLinkedList_Broken\CS2250_DoublyLinkedList_Broken\DoublyLinkedList.cpp(50,18): error C2440: '=': cannot convert from 'DoublyLinkedListNode *' to 'DoublyLinkedListNode<int> *'
B:\A drive\Git\CS2250\CS2250_HW_DoublyLinkedList_Broken\CS2250_HW_DoublyLinkedList_Broken\CS2250_DoublyLinkedList_Broken\DoublyLinkedList.cpp(50,14): message : Types pointed to are unrelated; conversion requires reinterpret_cast, C-style cast or parenthesized function-style cast
B:\A drive\Git\CS2250\CS2250_HW_DoublyLinkedList_Broken\CS2250_HW_DoublyLinkedList_Broken\CS2250_DoublyLinkedList_Broken\DoublyLinkedList.cpp(53,26): error C2662: 'DoublyLinkedListNode<T> *DoublyLinkedListNode<T>::GetNext(void) const': cannot convert 'this' pointer from 'DoublyLinkedListNode' to 'const DoublyLinkedListNode<T> &'
B:\A drive\Git\CS2250\CS2250_HW_DoublyLinkedList_Broken\CS2250_HW_DoublyLinkedList_Broken\CS2250_DoublyLinkedList_Broken\DoublyLinkedList.cpp(53,26): message : Reason: cannot convert from 'DoublyLinkedListNode' to 'const DoublyLinkedListNode<T>'
B:\A drive\Git\CS2250\CS2250_HW_DoublyLinkedList_Broken\CS2250_HW_DoublyLinkedList_Broken\CS2250_DoublyLinkedList_Broken\DoublyLinkedList.cpp(53,12): message : Conversion requires a second user-defined-conversion operator or constructor
B:\A drive\Git\CS2250\CS2250_HW_DoublyLinkedList_Broken\CS2250_HW_DoublyLinkedList_Broken\CS2250_DoublyLinkedList_Broken\DoublyLinkedListNode.h(24,27): message : see declaration of 'DoublyLinkedListNode<T>::GetNext'
B:\A drive\Git\CS2250\CS2250_HW_DoublyLinkedList_Broken\CS2250_HW_DoublyLinkedList_Broken\CS2250_DoublyLinkedList_Broken\DoublyLinkedList.cpp(63,48): error C2514: 'DoublyLinkedListNode': class template cannot be constructed
B:\A drive\Git\CS2250\CS2250_HW_DoublyLinkedList_Broken\CS2250_HW_DoublyLinkedList_Broken\CS2250_DoublyLinkedList_Broken\DoublyLinkedListNode.h(11): message : see declaration of 'DoublyLinkedListNode'
B:\A drive\Git\CS2250\CS2250_HW_DoublyLinkedList_Broken\CS2250_HW_DoublyLinkedList_Broken\CS2250_DoublyLinkedList_Broken\DoublyLinkedList.cpp(69,71): error C2514: 'DoublyLinkedListNode': class template cannot be constructed
B:\A drive\Git\CS2250\CS2250_HW_DoublyLinkedList_Broken\CS2250_HW_DoublyLinkedList_Broken\CS2250_DoublyLinkedList_Broken\DoublyLinkedListNode.h(11): message : see declaration of 'DoublyLinkedListNode'
B:\A drive\Git\CS2250\CS2250_HW_DoublyLinkedList_Broken\CS2250_HW_DoublyLinkedList_Broken\CS2250_DoublyLinkedList_Broken\DoublyLinkedList.cpp(72,32): error C2662: 'void DoublyLinkedListNode<T>::SetNext(DoublyLinkedListNode<T> *)': cannot convert 'this' pointer from 'DoublyLinkedListNode' to 'DoublyLinkedListNode<T> &'
B:\A drive\Git\CS2250\CS2250_HW_DoublyLinkedList_Broken\CS2250_HW_DoublyLinkedList_Broken\CS2250_DoublyLinkedList_Broken\DoublyLinkedList.cpp(72,32): message : Reason: cannot convert from 'DoublyLinkedListNode' to 'DoublyLinkedListNode<T>'
B:\A drive\Git\CS2250\CS2250_HW_DoublyLinkedList_Broken\CS2250_HW_DoublyLinkedList_Broken\CS2250_DoublyLinkedList_Broken\DoublyLinkedList.cpp(72,9): message : Conversion requires a second user-defined-conversion operator or constructor
B:\A drive\Git\CS2250\CS2250_HW_DoublyLinkedList_Broken\CS2250_HW_DoublyLinkedList_Broken\CS2250_DoublyLinkedList_Broken\DoublyLinkedListNode.h(29,7): message : see declaration of 'DoublyLinkedListNode<T>::SetNext'
B:\A drive\Git\CS2250\CS2250_HW_DoublyLinkedList_Broken\CS2250_HW_DoublyLinkedList_Broken\CS2250_DoublyLinkedList_Broken\DoublyLinkedList.cpp(73,32): error C2664: 'void DoublyLinkedListNode<int>::SetPrev(DoublyLinkedListNode<int> *)': cannot convert argument 1 from 'DoublyLinkedListNode *' to 'DoublyLinkedListNode<int> *'
B:\A drive\Git\CS2250\CS2250_HW_DoublyLinkedList_Broken\CS2250_HW_DoublyLinkedList_Broken\CS2250_DoublyLinkedList_Broken\DoublyLinkedList.cpp(73,25): message : Types pointed to are unrelated; conversion requires reinterpret_cast, C-style cast or parenthesized function-style cast
B:\A drive\Git\CS2250\CS2250_HW_DoublyLinkedList_Broken\CS2250_HW_DoublyLinkedList_Broken\CS2250_DoublyLinkedList_Broken\DoublyLinkedListNode.h(30,7): message : see declaration of 'DoublyLinkedListNode<int>::SetPrev'
B:\A drive\Git\CS2250\CS2250_HW_DoublyLinkedList_Broken\CS2250_HW_DoublyLinkedList_Broken\CS2250_DoublyLinkedList_Broken\DoublyLinkedList.cpp(76,25): error C2440: '=': cannot convert from 'DoublyLinkedListNode *' to 'DoublyLinkedListNode<int> *'
B:\A drive\Git\CS2250\CS2250_HW_DoublyLinkedList_Broken\CS2250_HW_DoublyLinkedList_Broken\CS2250_DoublyLinkedList_Broken\DoublyLinkedList.cpp(76,18): message : Types pointed to are unrelated; conversion requires reinterpret_cast, C-style cast or parenthesized function-style cast
B:\A drive\Git\CS2250\CS2250_HW_DoublyLinkedList_Broken\CS2250_HW_DoublyLinkedList_Broken\CS2250_DoublyLinkedList_Broken\DoublyLinkedList.cpp(88,48): error C2514: 'DoublyLinkedListNode': class template cannot be constructed
B:\A drive\Git\CS2250\CS2250_HW_DoublyLinkedList_Broken\CS2250_HW_DoublyLinkedList_Broken\CS2250_DoublyLinkedList_Broken\DoublyLinkedListNode.h(11): message : see declaration of 'DoublyLinkedListNode'
B:\A drive\Git\CS2250\CS2250_HW_DoublyLinkedList_Broken\CS2250_HW_DoublyLinkedList_Broken\CS2250_DoublyLinkedList_Broken\DoublyLinkedList.cpp(94,71): error C2514: 'DoublyLinkedListNode': class template cannot be constructed
B:\A drive\Git\CS2250\CS2250_HW_DoublyLinkedList_Broken\CS2250_HW_DoublyLinkedList_Broken\CS2250_DoublyLinkedList_Broken\DoublyLinkedListNode.h(11): message : see declaration of 'DoublyLinkedListNode'
B:\A drive\Git\CS2250\CS2250_HW_DoublyLinkedList_Broken\CS2250_HW_DoublyLinkedList_Broken\CS2250_DoublyLinkedList_Broken\DoublyLinkedList.cpp(97,32): error C2664: 'void DoublyLinkedListNode<int>::SetNext(DoublyLinkedListNode<int> *)': cannot convert argument 1 from 'DoublyLinkedListNode *' to 'DoublyLinkedListNode<int> *'
B:\A drive\Git\CS2250\CS2250_HW_DoublyLinkedList_Broken\CS2250_HW_DoublyLinkedList_Broken\CS2250_DoublyLinkedList_Broken\DoublyLinkedList.cpp(97,25): message : Types pointed to are unrelated; conversion requires reinterpret_cast, C-style cast or parenthesized function-style cast
B:\A drive\Git\CS2250\CS2250_HW_DoublyLinkedList_Broken\CS2250_HW_DoublyLinkedList_Broken\CS2250_DoublyLinkedList_Broken\DoublyLinkedListNode.h(29,7): message : see declaration of 'DoublyLinkedListNode<int>::SetNext'
B:\A drive\Git\CS2250\CS2250_HW_DoublyLinkedList_Broken\CS2250_HW_DoublyLinkedList_Broken\CS2250_DoublyLinkedList_Broken\DoublyLinkedList.cpp(98,32): error C2662: 'void DoublyLinkedListNode<T>::SetPrev(DoublyLinkedListNode<T> *)': cannot convert 'this' pointer from 'DoublyLinkedListNode' to 'DoublyLinkedListNode<T> &'
B:\A drive\Git\CS2250\CS2250_HW_DoublyLinkedList_Broken\CS2250_HW_DoublyLinkedList_Broken\CS2250_DoublyLinkedList_Broken\DoublyLinkedList.cpp(98,32): message : Reason: cannot convert from 'DoublyLinkedListNode' to 'DoublyLinkedListNode<T>'
B:\A drive\Git\CS2250\CS2250_HW_DoublyLinkedList_Broken\CS2250_HW_DoublyLinkedList_Broken\CS2250_DoublyLinkedList_Broken\DoublyLinkedList.cpp(98,9): message : Conversion requires a second user-defined-conversion operator or constructor
B:\A drive\Git\CS2250\CS2250_HW_DoublyLinkedList_Broken\CS2250_HW_DoublyLinkedList_Broken\CS2250_DoublyLinkedList_Broken\DoublyLinkedListNode.h(30,7): message : see declaration of 'DoublyLinkedListNode<T>::SetPrev'
B:\A drive\Git\CS2250\CS2250_HW_DoublyLinkedList_Broken\CS2250_HW_DoublyLinkedList_Broken\CS2250_DoublyLinkedList_Broken\DoublyLinkedList.cpp(101,25): error C2440: '=': cannot convert from 'DoublyLinkedListNode *' to 'DoublyLinkedListNode<int> *'
B:\A drive\Git\CS2250\CS2250_HW_DoublyLinkedList_Broken\CS2250_HW_DoublyLinkedList_Broken\CS2250_DoublyLinkedList_Broken\DoublyLinkedList.cpp(101,18): message : Types pointed to are unrelated; conversion requires reinterpret_cast, C-style cast or parenthesized function-style cast
B:\A drive\Git\CS2250\CS2250_HW_DoublyLinkedList_Broken\CS2250_HW_DoublyLinkedList_Broken\CS2250_DoublyLinkedList_Broken\DoublyLinkedList.cpp(136,44): error C2440: 'initializing': cannot convert from 'DoublyLinkedListNode<int> *' to 'DoublyLinkedListNode *'
B:\A drive\Git\CS2250\CS2250_HW_DoublyLinkedList_Broken\CS2250_HW_DoublyLinkedList_Broken\CS2250_DoublyLinkedList_Broken\DoublyLinkedList.cpp(136,36): message : Types pointed to are unrelated; conversion requires reinterpret_cast, C-style cast or parenthesized function-style cast
B:\A drive\Git\CS2250\CS2250_HW_DoublyLinkedList_Broken\CS2250_HW_DoublyLinkedList_Broken\CS2250_DoublyLinkedList_Broken\DoublyLinkedList.cpp(183,44): error C2440: 'initializing': cannot convert from 'DoublyLinkedListNode<int> *' to 'DoublyLinkedListNode *'
B:\A drive\Git\CS2250\CS2250_HW_DoublyLinkedList_Broken\CS2250_HW_DoublyLinkedList_Broken\CS2250_DoublyLinkedList_Broken\DoublyLinkedList.cpp(183,36): message : Types pointed to are unrelated; conversion requires reinterpret_cast, C-style cast or parenthesized function-style cast
B:\A drive\Git\CS2250\CS2250_HW_DoublyLinkedList_Broken\CS2250_HW_DoublyLinkedList_Broken\CS2250_DoublyLinkedList_Broken\DoublyLinkedList.cpp(203,51): error C2440: 'initializing': cannot convert from 'DoublyLinkedListNode<int> *' to 'DoublyLinkedListNode *'
B:\A drive\Git\CS2250\CS2250_HW_DoublyLinkedList_Broken\CS2250_HW_DoublyLinkedList_Broken\CS2250_DoublyLinkedList_Broken\DoublyLinkedList.cpp(203,32): message : Types pointed to are unrelated; conversion requires reinterpret_cast, C-style cast or parenthesized function-style cast
B:\A drive\Git\CS2250\CS2250_HW_DoublyLinkedList_Broken\CS2250_HW_DoublyLinkedList_Broken\CS2250_DoublyLinkedList_Broken\DoublyLinkedList.cpp(210,28): error C2446: '==': no conversion from 'DoublyLinkedListNode<int> *' to 'DoublyLinkedListNode *'
B:\A drive\Git\CS2250\CS2250_HW_DoublyLinkedList_Broken\CS2250_HW_DoublyLinkedList_Broken\CS2250_DoublyLinkedList_Broken\DoublyLinkedList.cpp(210,22): message : Types pointed to are unrelated; conversion requires reinterpret_cast, C-style cast or parenthesized function-style cast
B:\A drive\Git\CS2250\CS2250_HW_DoublyLinkedList_Broken\CS2250_HW_DoublyLinkedList_Broken\CS2250_DoublyLinkedList_Broken\DoublyLinkedList.cpp(214,28): error C2446: '==': no conversion from 'DoublyLinkedListNode<int> *' to 'DoublyLinkedListNode *'
B:\A drive\Git\CS2250\CS2250_HW_DoublyLinkedList_Broken\CS2250_HW_DoublyLinkedList_Broken\CS2250_DoublyLinkedList_Broken\DoublyLinkedList.cpp(214,22): message : Types pointed to are unrelated; conversion requires reinterpret_cast, C-style cast or parenthesized function-style cast
B:\A drive\Git\CS2250\CS2250_HW_DoublyLinkedList_Broken\CS2250_HW_DoublyLinkedList_Broken\CS2250_DoublyLinkedList_Broken\DoublyLinkedList.cpp(222,23): error C2662: 'DoublyLinkedListNode<T> *DoublyLinkedListNode<T>::GetNext(void) const': cannot convert 'this' pointer from 'DoublyLinkedListNode' to 'const DoublyLinkedListNode<T> &'
B:\A drive\Git\CS2250\CS2250_HW_DoublyLinkedList_Broken\CS2250_HW_DoublyLinkedList_Broken\CS2250_DoublyLinkedList_Broken\DoublyLinkedList.cpp(222,23): message : Reason: cannot convert from 'DoublyLinkedListNode' to 'const DoublyLinkedListNode<T>'
B:\A drive\Git\CS2250\CS2250_HW_DoublyLinkedList_Broken\CS2250_HW_DoublyLinkedList_Broken\CS2250_DoublyLinkedList_Broken\DoublyLinkedList.cpp(222,9): message : Conversion requires a second user-defined-conversion operator or constructor
B:\A drive\Git\CS2250\CS2250_HW_DoublyLinkedList_Broken\CS2250_HW_DoublyLinkedList_Broken\CS2250_DoublyLinkedList_Broken\DoublyLinkedListNode.h(24,27): message : see declaration of 'DoublyLinkedListNode<T>::GetNext'
B:\A drive\Git\CS2250\CS2250_HW_DoublyLinkedList_Broken\CS2250_HW_DoublyLinkedList_Broken\CS2250_DoublyLinkedList_Broken\DoublyLinkedList.cpp(222,48): error C2662: 'DoublyLinkedListNode<T> *DoublyLinkedListNode<T>::GetPrev(void) const': cannot convert 'this' pointer from 'DoublyLinkedListNode' to 'const DoublyLinkedListNode<T> &'
B:\A drive\Git\CS2250\CS2250_HW_DoublyLinkedList_Broken\CS2250_HW_DoublyLinkedList_Broken\CS2250_DoublyLinkedList_Broken\DoublyLinkedList.cpp(222,48): message : Reason: cannot convert from 'DoublyLinkedListNode' to 'const DoublyLinkedListNode<T>'
B:\A drive\Git\CS2250\CS2250_HW_DoublyLinkedList_Broken\CS2250_HW_DoublyLinkedList_Broken\CS2250_DoublyLinkedList_Broken\DoublyLinkedList.cpp(222,34): message : Conversion requires a second user-defined-conversion operator or constructor
B:\A drive\Git\CS2250\CS2250_HW_DoublyLinkedList_Broken\CS2250_HW_DoublyLinkedList_Broken\CS2250_DoublyLinkedList_Broken\DoublyLinkedListNode.h(25,27): message : see declaration of 'DoublyLinkedListNode<T>::GetPrev'
B:\A drive\Git\CS2250\CS2250_HW_DoublyLinkedList_Broken\CS2250_HW_DoublyLinkedList_Broken\CS2250_DoublyLinkedList_Broken\DoublyLinkedList.cpp(225,23): error C2662: 'DoublyLinkedListNode<T> *DoublyLinkedListNode<T>::GetPrev(void) const': cannot convert 'this' pointer from 'DoublyLinkedListNode' to 'const DoublyLinkedListNode<T> &'
B:\A drive\Git\CS2250\CS2250_HW_DoublyLinkedList_Broken\CS2250_HW_DoublyLinkedList_Broken\CS2250_DoublyLinkedList_Broken\DoublyLinkedList.cpp(225,23): message : Reason: cannot convert from 'DoublyLinkedListNode' to 'const DoublyLinkedListNode<T>'
B:\A drive\Git\CS2250\CS2250_HW_DoublyLinkedList_Broken\CS2250_HW_DoublyLinkedList_Broken\CS2250_DoublyLinkedList_Broken\DoublyLinkedList.cpp(225,9): message : Conversion requires a second user-defined-conversion operator or constructor
B:\A drive\Git\CS2250\CS2250_HW_DoublyLinkedList_Broken\CS2250_HW_DoublyLinkedList_Broken\CS2250_DoublyLinkedList_Broken\DoublyLinkedListNode.h(25,27): message : see declaration of 'DoublyLinkedListNode<T>::GetPrev'
B:\A drive\Git\CS2250\CS2250_HW_DoublyLinkedList_Broken\CS2250_HW_DoublyLinkedList_Broken\CS2250_DoublyLinkedList_Broken\DoublyLinkedList.cpp(225,48): error C2662: 'DoublyLinkedListNode<T> *DoublyLinkedListNode<T>::GetNext(void) const': cannot convert 'this' pointer from 'DoublyLinkedListNode' to 'const DoublyLinkedListNode<T> &'
B:\A drive\Git\CS2250\CS2250_HW_DoublyLinkedList_Broken\CS2250_HW_DoublyLinkedList_Broken\CS2250_DoublyLinkedList_Broken\DoublyLinkedList.cpp(225,48): message : Reason: cannot convert from 'DoublyLinkedListNode' to 'const DoublyLinkedListNode<T>'
B:\A drive\Git\CS2250\CS2250_HW_DoublyLinkedList_Broken\CS2250_HW_DoublyLinkedList_Broken\CS2250_DoublyLinkedList_Broken\DoublyLinkedList.cpp(225,34): message : Conversion requires a second user-defined-conversion operator or constructor
B:\A drive\Git\CS2250\CS2250_HW_DoublyLinkedList_Broken\CS2250_HW_DoublyLinkedList_Broken\CS2250_DoublyLinkedList_Broken\DoublyLinkedListNode.h(24,27): message : see declaration of 'DoublyLinkedListNode<T>::GetNext'
B:\A drive\Git\CS2250\CS2250_HW_DoublyLinkedList_Broken\CS2250_HW_DoublyLinkedList_Broken\CS2250_DoublyLinkedList_Broken\DoublyLinkedList.cpp(238,51): error C2440: 'initializing': cannot convert from 'DoublyLinkedListNode<int> *' to 'DoublyLinkedListNode *'
B:\A drive\Git\CS2250\CS2250_HW_DoublyLinkedList_Broken\CS2250_HW_DoublyLinkedList_Broken\CS2250_DoublyLinkedList_Broken\DoublyLinkedList.cpp(238,32): message : Types pointed to are unrelated; conversion requires reinterpret_cast, C-style cast or parenthesized function-style cast
B:\A drive\Git\CS2250\CS2250_HW_DoublyLinkedList_Broken\CS2250_HW_DoublyLinkedList_Broken\CS2250_DoublyLinkedList_Broken\DoublyLinkedList.cpp(245,1): error C2556: 'DoublyLinkedListNode *DoublyLinkedList::SearchNodes(int) const': overloaded function differs only by return type from 'DoublyLinkedListNode<int> *DoublyLinkedList::SearchNodes(int) const'
B:\A drive\Git\CS2250\CS2250_HW_DoublyLinkedList_Broken\CS2250_HW_DoublyLinkedList_Broken\CS2250_DoublyLinkedList_Broken\DoublyLinkedList.h(38): message : see declaration of 'DoublyLinkedList::SearchNodes'
B:\A drive\Git\CS2250\CS2250_HW_DoublyLinkedList_Broken\CS2250_HW_DoublyLinkedList_Broken\CS2250_DoublyLinkedList_Broken\DoublyLinkedList.cpp(244,41): error C2371: 'DoublyLinkedList::SearchNodes': redefinition; different basic types
B:\A drive\Git\CS2250\CS2250_HW_DoublyLinkedList_Broken\CS2250_HW_DoublyLinkedList_Broken\CS2250_DoublyLinkedList_Broken\DoublyLinkedList.h(38): message : see declaration of 'DoublyLinkedList::SearchNodes'
B:\A drive\Git\CS2250\CS2250_HW_DoublyLinkedList_Broken\CS2250_HW_DoublyLinkedList_Broken\CS2250_DoublyLinkedList_Broken\DoublyLinkedList.cpp(246,40): error C2440: 'initializing': cannot convert from 'DoublyLinkedListNode<int> *const ' to 'DoublyLinkedListNode *'
B:\A drive\Git\CS2250\CS2250_HW_DoublyLinkedList_Broken\CS2250_HW_DoublyLinkedList_Broken\CS2250_DoublyLinkedList_Broken\DoublyLinkedList.cpp(246,32): message : Types pointed to are unrelated; conversion requires reinterpret_cast, C-style cast or parenthesized function-style cast
B:\A drive\Git\CS2250\CS2250_HW_DoublyLinkedList_Broken\CS2250_HW_DoublyLinkedList_Broken\CS2250_DoublyLinkedList_Broken\DoublyLinkedList.cpp(253,12): error C2662: 'int DoublyLinkedListNode<T>::GetData(void) const': cannot convert 'this' pointer from 'DoublyLinkedListNode' to 'const DoublyLinkedListNode<T> &'
B:\A drive\Git\CS2250\CS2250_HW_DoublyLinkedList_Broken\CS2250_HW_DoublyLinkedList_Broken\CS2250_DoublyLinkedList_Broken\DoublyLinkedList.cpp(253,12): message : Reason: cannot convert from 'DoublyLinkedListNode' to 'const DoublyLinkedListNode<T>'
B:\A drive\Git\CS2250\CS2250_HW_DoublyLinkedList_Broken\CS2250_HW_DoublyLinkedList_Broken\CS2250_DoublyLinkedList_Broken\DoublyLinkedList.cpp(253,13): message : Conversion requires a second user-defined-conversion operator or constructor
B:\A drive\Git\CS2250\CS2250_HW_DoublyLinkedList_Broken\CS2250_HW_DoublyLinkedList_Broken\CS2250_DoublyLinkedList_Broken\DoublyLinkedListNode.h(23,6): message : see declaration of 'DoublyLinkedListNode<T>::GetData'
B:\A drive\Git\CS2250\CS2250_HW_DoublyLinkedList_Broken\CS2250_HW_DoublyLinkedList_Broken\CS2250_DoublyLinkedList_Broken\DoublyLinkedList.cpp(256,30): error C2662: 'DoublyLinkedListNode<T> *DoublyLinkedListNode<T>::GetNext(void) const': cannot convert 'this' pointer from 'DoublyLinkedListNode' to 'const DoublyLinkedListNode<T> &'
B:\A drive\Git\CS2250\CS2250_HW_DoublyLinkedList_Broken\CS2250_HW_DoublyLinkedList_Broken\CS2250_DoublyLinkedList_Broken\DoublyLinkedList.cpp(256,30): message : Reason: cannot convert from 'DoublyLinkedListNode' to 'const DoublyLinkedListNode<T>'
B:\A drive\Git\CS2250\CS2250_HW_DoublyLinkedList_Broken\CS2250_HW_DoublyLinkedList_Broken\CS2250_DoublyLinkedList_Broken\DoublyLinkedList.cpp(256,16): message : Conversion requires a second user-defined-conversion operator or constructor
B:\A drive\Git\CS2250\CS2250_HW_DoublyLinkedList_Broken\CS2250_HW_DoublyLinkedList_Broken\CS2250_DoublyLinkedList_Broken\DoublyLinkedListNode.h(24,27): message : see declaration of 'DoublyLinkedListNode<T>::GetNext'
B:\A drive\Git\CS2250\CS2250_HW_DoublyLinkedList_Broken\CS2250_HW_DoublyLinkedList_Broken\CS2250_DoublyLinkedList_Broken\DoublyLinkedList.cpp(284,37): error C2440: 'initializing': cannot convert from 'DoublyLinkedListNode<int> *const ' to 'DoublyLinkedListNode *'
B:\A drive\Git\CS2250\CS2250_HW_DoublyLinkedList_Broken\CS2250_HW_DoublyLinkedList_Broken\CS2250_DoublyLinkedList_Broken\DoublyLinkedList.cpp(284,29): message : Types pointed to are unrelated; conversion requires reinterpret_cast, C-style cast or parenthesized function-style cast
B:\A drive\Git\CS2250\CS2250_HW_DoublyLinkedList_Broken\CS2250_HW_DoublyLinkedList_Broken\CS2250_DoublyLinkedList_Broken\DoublyLinkedList.cpp(287,44): error C2679: binary '<<': no operator found which takes a right-hand operand of type 'DoublyLinkedListNode' (or there is no acceptable conversion)
C:\Program Files\Microsoft Visual Studio\2022\Community\VC\Tools\MSVC\14.31.31103\include\ostream(471,39): message : could be 'std::basic_ostream<char,std::char_traits<char>> &std::basic_ostream<char,std::char_traits<char>>::operator <<(std::basic_streambuf<char,std::char_traits<char>> *)'
C:\Program Files\Microsoft Visual Studio\2022\Community\VC\Tools\MSVC\14.31.31103\include\ostream(439,39): message : or       'std::basic_ostream<char,std::char_traits<char>> &std::basic_ostream<char,std::char_traits<char>>::operator <<(const void *)'
C:\Program Files\Microsoft Visual Studio\2022\Community\VC\Tools\MSVC\14.31.31103\include\ostream(421,39): message : or       'std::basic_ostream<char,std::char_traits<char>> &std::basic_ostream<char,std::char_traits<char>>::operator <<(long double)'
C:\Program Files\Microsoft Visual Studio\2022\Community\VC\Tools\MSVC\14.31.31103\include\ostream(403,39): message : or       'std::basic_ostream<char,std::char_traits<char>> &std::basic_ostream<char,std::char_traits<char>>::operator <<(double)'
C:\Program Files\Microsoft Visual Studio\2022\Community\VC\Tools\MSVC\14.31.31103\include\ostream(385,39): message : or       'std::basic_ostream<char,std::char_traits<char>> &std::basic_ostream<char,std::char_traits<char>>::operator <<(float)'
C:\Program Files\Microsoft Visual Studio\2022\Community\VC\Tools\MSVC\14.31.31103\include\ostream(367,39): message : or       'std::basic_ostream<char,std::char_traits<char>> &std::basic_ostream<char,std::char_traits<char>>::operator <<(unsigned __int64)'
C:\Program Files\Microsoft Visual Studio\2022\Community\VC\Tools\MSVC\14.31.31103\include\ostream(349,39): message : or       'std::basic_ostream<char,std::char_traits<char>> &std::basic_ostream<char,std::char_traits<char>>::operator <<(__int64)'
C:\Program Files\Microsoft Visual Studio\2022\Community\VC\Tools\MSVC\14.31.31103\include\ostream(331,39): message : or       'std::basic_ostream<char,std::char_traits<char>> &std::basic_ostream<char,std::char_traits<char>>::operator <<(unsigned long)'
C:\Program Files\Microsoft Visual Studio\2022\Community\VC\Tools\MSVC\14.31.31103\include\ostream(313,39): message : or       'std::basic_ostream<char,std::char_traits<char>> &std::basic_ostream<char,std::char_traits<char>>::operator <<(long)'
C:\Program Files\Microsoft Visual Studio\2022\Community\VC\Tools\MSVC\14.31.31103\include\ostream(294,39): message : or       'std::basic_ostream<char,std::char_traits<char>> &std::basic_ostream<char,std::char_traits<char>>::operator <<(unsigned int)'
C:\Program Files\Microsoft Visual Studio\2022\Community\VC\Tools\MSVC\14.31.31103\include\ostream(268,39): message : or       'std::basic_ostream<char,std::char_traits<char>> &std::basic_ostream<char,std::char_traits<char>>::operator <<(int)'
C:\Program Files\Microsoft Visual Studio\2022\Community\VC\Tools\MSVC\14.31.31103\include\ostream(249,39): message : or       'std::basic_ostream<char,std::char_traits<char>> &std::basic_ostream<char,std::char_traits<char>>::operator <<(unsigned short)'
C:\Program Files\Microsoft Visual Studio\2022\Community\VC\Tools\MSVC\14.31.31103\include\ostream(215,39): message : or       'std::basic_ostream<char,std::char_traits<char>> &std::basic_ostream<char,std::char_traits<char>>::operator <<(short)'
C:\Program Files\Microsoft Visual Studio\2022\Community\VC\Tools\MSVC\14.31.31103\include\ostream(197,39): message : or       'std::basic_ostream<char,std::char_traits<char>> &std::basic_ostream<char,std::char_traits<char>>::operator <<(bool)'
C:\Program Files\Microsoft Visual Studio\2022\Community\VC\Tools\MSVC\14.31.31103\include\ostream(192,39): message : or       'std::basic_ostream<char,std::char_traits<char>> &std::basic_ostream<char,std::char_traits<char>>::operator <<(std::ios_base &(__cdecl *)(std::ios_base &))'
C:\Program Files\Microsoft Visual Studio\2022\Community\VC\Tools\MSVC\14.31.31103\include\ostream(187,39): message : or       'std::basic_ostream<char,std::char_traits<char>> &std::basic_ostream<char,std::char_traits<char>>::operator <<(std::basic_ios<char,std::char_traits<char>> &(__cdecl *)(std::basic_ios<char,std::char_traits<char>> &))'
C:\Program Files\Microsoft Visual Studio\2022\Community\VC\Tools\MSVC\14.31.31103\include\ostream(182,39): message : or       'std::basic_ostream<char,std::char_traits<char>> &std::basic_ostream<char,std::char_traits<char>>::operator <<(std::basic_ostream<char,std::char_traits<char>> &(__cdecl *)(std::basic_ostream<char,std::char_traits<char>> &))'
B:\A drive\Git\CS2250\CS2250_HW_DoublyLinkedList_Broken\CS2250_HW_DoublyLinkedList_Broken\CS2250_DoublyLinkedList_Broken\DoublyLinkedList.h(30,18): message : or       'std::ostream &operator <<(std::ostream &,const DoublyLinkedList &)'
B:\A drive\Git\CS2250\CS2250_HW_DoublyLinkedList_Broken\CS2250_HW_DoublyLinkedList_Broken\CS2250_DoublyLinkedList_Broken\DoublyLinkedList.cpp(287,44): message : while trying to match the argument list '(std::basic_ostream<char,std::char_traits<char>>, DoublyLinkedListNode)'
B:\A drive\Git\CS2250\CS2250_HW_DoublyLinkedList_Broken\CS2250_HW_DoublyLinkedList_Broken\CS2250_DoublyLinkedList_Broken\DoublyLinkedList.cpp(288,24): error C2662: 'DoublyLinkedListNode<T> *DoublyLinkedListNode<T>::GetNext(void) const': cannot convert 'this' pointer from 'DoublyLinkedListNode' to 'const DoublyLinkedListNode<T> &'
B:\A drive\Git\CS2250\CS2250_HW_DoublyLinkedList_Broken\CS2250_HW_DoublyLinkedList_Broken\CS2250_DoublyLinkedList_Broken\DoublyLinkedList.cpp(288,24): message : Reason: cannot convert from 'DoublyLinkedListNode' to 'const DoublyLinkedListNode<T>'
B:\A drive\Git\CS2250\CS2250_HW_DoublyLinkedList_Broken\CS2250_HW_DoublyLinkedList_Broken\CS2250_DoublyLinkedList_Broken\DoublyLinkedList.cpp(288,10): message : Conversion requires a second user-defined-conversion operator or constructor
B:\A drive\Git\CS2250\CS2250_HW_DoublyLinkedList_Broken\CS2250_HW_DoublyLinkedList_Broken\CS2250_DoublyLinkedList_Broken\DoublyLinkedListNode.h(24,27): message : see declaration of 'DoublyLinkedListNode<T>::GetNext'
B:\A drive\Git\CS2250\CS2250_HW_DoublyLinkedList_Broken\CS2250_HW_DoublyLinkedList_Broken\CS2250_DoublyLinkedList_Broken\DoublyLinkedList.cpp(297,1): error C2556: 'const DoublyLinkedListNode *const DoublyLinkedList::GetHead(void) const': overloaded function differs only by return type from 'const DoublyLinkedListNode<int> *const DoublyLinkedList::GetHead(void) const'
B:\A drive\Git\CS2250\CS2250_HW_DoublyLinkedList_Broken\CS2250_HW_DoublyLinkedList_Broken\CS2250_DoublyLinkedList_Broken\DoublyLinkedList.h(33): message : see declaration of 'DoublyLinkedList::GetHead'
B:\A drive\Git\CS2250\CS2250_HW_DoublyLinkedList_Broken\CS2250_HW_DoublyLinkedList_Broken\CS2250_DoublyLinkedList_Broken\DoublyLinkedList.cpp(296,53): error C2371: 'DoublyLinkedList::GetHead': redefinition; different basic types
B:\A drive\Git\CS2250\CS2250_HW_DoublyLinkedList_Broken\CS2250_HW_DoublyLinkedList_Broken\CS2250_DoublyLinkedList_Broken\DoublyLinkedList.h(33): message : see declaration of 'DoublyLinkedList::GetHead'
B:\A drive\Git\CS2250\CS2250_HW_DoublyLinkedList_Broken\CS2250_HW_DoublyLinkedList_Broken\CS2250_DoublyLinkedList_Broken\DoublyLinkedList.cpp(305,1): error C2556: 'const DoublyLinkedListNode *const DoublyLinkedList::GetTail(void) const': overloaded function differs only by return type from 'const DoublyLinkedListNode<int> *const DoublyLinkedList::GetTail(void) const'
B:\A drive\Git\CS2250\CS2250_HW_DoublyLinkedList_Broken\CS2250_HW_DoublyLinkedList_Broken\CS2250_DoublyLinkedList_Broken\DoublyLinkedList.h(34): message : see declaration of 'DoublyLinkedList::GetTail'
B:\A drive\Git\CS2250\CS2250_HW_DoublyLinkedList_Broken\CS2250_HW_DoublyLinkedList_Broken\CS2250_DoublyLinkedList_Broken\DoublyLinkedList.cpp(304,53): error C2371: 'DoublyLinkedList::GetTail': redefinition; different basic types
B:\A drive\Git\CS2250\CS2250_HW_DoublyLinkedList_Broken\CS2250_HW_DoublyLinkedList_Broken\CS2250_DoublyLinkedList_Broken\DoublyLinkedList.h(34): message : see declaration of 'DoublyLinkedList::GetTail'
B:\A drive\Git\CS2250\CS2250_HW_DoublyLinkedList_Broken\CS2250_HW_DoublyLinkedList_Broken\CS2250_DoublyLinkedList_Broken\DoublyLinkedList.cpp(320,42): error C2440: 'initializing': cannot convert from 'DoublyLinkedListNode<int> *const ' to 'DoublyLinkedListNode *'
B:\A drive\Git\CS2250\CS2250_HW_DoublyLinkedList_Broken\CS2250_HW_DoublyLinkedList_Broken\CS2250_DoublyLinkedList_Broken\DoublyLinkedList.cpp(320,29): message : Types pointed to are unrelated; conversion requires reinterpret_cast, C-style cast or parenthesized function-style cast
B:\A drive\Git\CS2250\CS2250_HW_DoublyLinkedList_Broken\CS2250_HW_DoublyLinkedList_Broken\CS2250_DoublyLinkedList_Broken\DoublyLinkedList.cpp(330,24): error C2662: 'int DoublyLinkedListNode<T>::GetData(void) const': cannot convert 'this' pointer from 'DoublyLinkedListNode' to 'const DoublyLinkedListNode<T> &'
B:\A drive\Git\CS2250\CS2250_HW_DoublyLinkedList_Broken\CS2250_HW_DoublyLinkedList_Broken\CS2250_DoublyLinkedList_Broken\DoublyLinkedList.cpp(330,24): message : Reason: cannot convert from 'DoublyLinkedListNode' to 'const DoublyLinkedListNode<T>'
B:\A drive\Git\CS2250\CS2250_HW_DoublyLinkedList_Broken\CS2250_HW_DoublyLinkedList_Broken\CS2250_DoublyLinkedList_Broken\DoublyLinkedList.cpp(330,10): message : Conversion requires a second user-defined-conversion operator or constructor
B:\A drive\Git\CS2250\CS2250_HW_DoublyLinkedList_Broken\CS2250_HW_DoublyLinkedList_Broken\CS2250_DoublyLinkedList_Broken\DoublyLinkedListNode.h(23,6): message : see declaration of 'DoublyLinkedListNode<T>::GetData'
B:\A drive\Git\CS2250\CS2250_HW_DoublyLinkedList_Broken\CS2250_HW_DoublyLinkedList_Broken\CS2250_DoublyLinkedList_Broken\DoublyLinkedList.cpp(331,23): error C2662: 'DoublyLinkedListNode<T> *DoublyLinkedListNode<T>::GetNext(void) const': cannot convert 'this' pointer from 'DoublyLinkedListNode' to 'const DoublyLinkedListNode<T> &'
B:\A drive\Git\CS2250\CS2250_HW_DoublyLinkedList_Broken\CS2250_HW_DoublyLinkedList_Broken\CS2250_DoublyLinkedList_Broken\DoublyLinkedList.cpp(331,23): message : Reason: cannot convert from 'DoublyLinkedListNode' to 'const DoublyLinkedListNode<T>'
B:\A drive\Git\CS2250\CS2250_HW_DoublyLinkedList_Broken\CS2250_HW_DoublyLinkedList_Broken\CS2250_DoublyLinkedList_Broken\DoublyLinkedList.cpp(331,9): message : Conversion requires a second user-defined-conversion operator or constructor
B:\A drive\Git\CS2250\CS2250_HW_DoublyLinkedList_Broken\CS2250_HW_DoublyLinkedList_Broken\CS2250_DoublyLinkedList_Broken\DoublyLinkedListNode.h(24,27): message : see declaration of 'DoublyLinkedListNode<T>::GetNext'
B:\A drive\Git\CS2250\CS2250_HW_DoublyLinkedList_Broken\CS2250_HW_DoublyLinkedList_Broken\CS2250_DoublyLinkedList_Broken\DoublyLinkedList.cpp(337,39): error C2662: 'int DoublyLinkedListNode<T>::GetData(void) const': cannot convert 'this' pointer from 'DoublyLinkedListNode' to 'const DoublyLinkedListNode<T> &'
B:\A drive\Git\CS2250\CS2250_HW_DoublyLinkedList_Broken\CS2250_HW_DoublyLinkedList_Broken\CS2250_DoublyLinkedList_Broken\DoublyLinkedList.cpp(337,39): message : Reason: cannot convert from 'DoublyLinkedListNode' to 'const DoublyLinkedListNode<T>'
B:\A drive\Git\CS2250\CS2250_HW_DoublyLinkedList_Broken\CS2250_HW_DoublyLinkedList_Broken\CS2250_DoublyLinkedList_Broken\DoublyLinkedList.cpp(337,25): message : Conversion requires a second user-defined-conversion operator or constructor
B:\A drive\Git\CS2250\CS2250_HW_DoublyLinkedList_Broken\CS2250_HW_DoublyLinkedList_Broken\CS2250_DoublyLinkedList_Broken\DoublyLinkedListNode.h(23,6): message : see declaration of 'DoublyLinkedListNode<T>::GetData'
B:\A drive\Git\CS2250\CS2250_HW_DoublyLinkedList_Broken\CS2250_HW_DoublyLinkedList_Broken\CS2250_DoublyLinkedList_Broken\DoublyLinkedList.cpp(338,24): error C2662: 'DoublyLinkedListNode<T> *DoublyLinkedListNode<T>::GetNext(void) const': cannot convert 'this' pointer from 'DoublyLinkedListNode' to 'const DoublyLinkedListNode<T> &'
B:\A drive\Git\CS2250\CS2250_HW_DoublyLinkedList_Broken\CS2250_HW_DoublyLinkedList_Broken\CS2250_DoublyLinkedList_Broken\DoublyLinkedList.cpp(338,24): message : Reason: cannot convert from 'DoublyLinkedListNode' to 'const DoublyLinkedListNode<T>'
B:\A drive\Git\CS2250\CS2250_HW_DoublyLinkedList_Broken\CS2250_HW_DoublyLinkedList_Broken\CS2250_DoublyLinkedList_Broken\DoublyLinkedList.cpp(338,10): message : Conversion requires a second user-defined-conversion operator or constructor
B:\A drive\Git\CS2250\CS2250_HW_DoublyLinkedList_Broken\CS2250_HW_DoublyLinkedList_Broken\CS2250_DoublyLinkedList_Broken\DoublyLinkedListNode.h(24,27): message : see declaration of 'DoublyLinkedListNode<T>::GetNext'
B:\A drive\Git\CS2250\CS2250_HW_DoublyLinkedList_Broken\CS2250_HW_DoublyLinkedList_Broken\CS2250_DoublyLinkedList_Broken\DoublyLinkedList.cpp(342,20): error C2440: '=': cannot convert from 'DoublyLinkedListNode<int> *const ' to 'DoublyLinkedListNode *'
B:\A drive\Git\CS2250\CS2250_HW_DoublyLinkedList_Broken\CS2250_HW_DoublyLinkedList_Broken\CS2250_DoublyLinkedList_Broken\DoublyLinkedList.cpp(342,13): message : Types pointed to are unrelated; conversion requires reinterpret_cast, C-style cast or parenthesized function-style cast
B:\A drive\Git\CS2250\CS2250_HW_DoublyLinkedList_Broken\CS2250_HW_DoublyLinkedList_Broken\CS2250_DoublyLinkedList_Broken\DoublyLinkedList.cpp(353,24): error C2662: 'int DoublyLinkedListNode<T>::GetData(void) const': cannot convert 'this' pointer from 'DoublyLinkedListNode' to 'const DoublyLinkedListNode<T> &'
B:\A drive\Git\CS2250\CS2250_HW_DoublyLinkedList_Broken\CS2250_HW_DoublyLinkedList_Broken\CS2250_DoublyLinkedList_Broken\DoublyLinkedList.cpp(353,24): message : Reason: cannot convert from 'DoublyLinkedListNode' to 'const DoublyLinkedListNode<T>'
B:\A drive\Git\CS2250\CS2250_HW_DoublyLinkedList_Broken\CS2250_HW_DoublyLinkedList_Broken\CS2250_DoublyLinkedList_Broken\DoublyLinkedList.cpp(353,10): message : Conversion requires a second user-defined-conversion operator or constructor
B:\A drive\Git\CS2250\CS2250_HW_DoublyLinkedList_Broken\CS2250_HW_DoublyLinkedList_Broken\CS2250_DoublyLinkedList_Broken\DoublyLinkedListNode.h(23,6): message : see declaration of 'DoublyLinkedListNode<T>::GetData'
B:\A drive\Git\CS2250\CS2250_HW_DoublyLinkedList_Broken\CS2250_HW_DoublyLinkedList_Broken\CS2250_DoublyLinkedList_Broken\DoublyLinkedList.cpp(354,23): error C2662: 'DoublyLinkedListNode<T> *DoublyLinkedListNode<T>::GetPrev(void) const': cannot convert 'this' pointer from 'DoublyLinkedListNode' to 'const DoublyLinkedListNode<T> &'
B:\A drive\Git\CS2250\CS2250_HW_DoublyLinkedList_Broken\CS2250_HW_DoublyLinkedList_Broken\CS2250_DoublyLinkedList_Broken\DoublyLinkedList.cpp(354,23): message : Reason: cannot convert from 'DoublyLinkedListNode' to 'const DoublyLinkedListNode<T>'
B:\A drive\Git\CS2250\CS2250_HW_DoublyLinkedList_Broken\CS2250_HW_DoublyLinkedList_Broken\CS2250_DoublyLinkedList_Broken\DoublyLinkedList.cpp(354,9): message : Conversion requires a second user-defined-conversion operator or constructor
B:\A drive\Git\CS2250\CS2250_HW_DoublyLinkedList_Broken\CS2250_HW_DoublyLinkedList_Broken\CS2250_DoublyLinkedList_Broken\DoublyLinkedListNode.h(25,27): message : see declaration of 'DoublyLinkedListNode<T>::GetPrev'
B:\A drive\Git\CS2250\CS2250_HW_DoublyLinkedList_Broken\CS2250_HW_DoublyLinkedList_Broken\CS2250_DoublyLinkedList_Broken\DoublyLinkedList.cpp(360,33): error C2662: 'int DoublyLinkedListNode<T>::GetData(void) const': cannot convert 'this' pointer from 'DoublyLinkedListNode' to 'const DoublyLinkedListNode<T> &'
B:\A drive\Git\CS2250\CS2250_HW_DoublyLinkedList_Broken\CS2250_HW_DoublyLinkedList_Broken\CS2250_DoublyLinkedList_Broken\DoublyLinkedList.cpp(360,33): message : Reason: cannot convert from 'DoublyLinkedListNode' to 'const DoublyLinkedListNode<T>'
B:\A drive\Git\CS2250\CS2250_HW_DoublyLinkedList_Broken\CS2250_HW_DoublyLinkedList_Broken\CS2250_DoublyLinkedList_Broken\DoublyLinkedList.cpp(360,19): message : Conversion requires a second user-defined-conversion operator or constructor
B:\A drive\Git\CS2250\CS2250_HW_DoublyLinkedList_Broken\CS2250_HW_DoublyLinkedList_Broken\CS2250_DoublyLinkedList_Broken\DoublyLinkedListNode.h(23,6): message : see declaration of 'DoublyLinkedListNode<T>::GetData'
B:\A drive\Git\CS2250\CS2250_HW_DoublyLinkedList_Broken\CS2250_HW_DoublyLinkedList_Broken\CS2250_DoublyLinkedList_Broken\DoublyLinkedList.cpp(361,24): error C2662: 'DoublyLinkedListNode<T> *DoublyLinkedListNode<T>::GetPrev(void) const': cannot convert 'this' pointer from 'DoublyLinkedListNode' to 'const DoublyLinkedListNode<T> &'
B:\A drive\Git\CS2250\CS2250_HW_DoublyLinkedList_Broken\CS2250_HW_DoublyLinkedList_Broken\CS2250_DoublyLinkedList_Broken\DoublyLinkedList.cpp(361,24): message : Reason: cannot convert from 'DoublyLinkedListNode' to 'const DoublyLinkedListNode<T>'
B:\A drive\Git\CS2250\CS2250_HW_DoublyLinkedList_Broken\CS2250_HW_DoublyLinkedList_Broken\CS2250_DoublyLinkedList_Broken\DoublyLinkedList.cpp(361,10): message : Conversion requires a second user-defined-conversion operator or constructor
B:\A drive\Git\CS2250\CS2250_HW_DoublyLinkedList_Broken\CS2250_HW_DoublyLinkedList_Broken\CS2250_DoublyLinkedList_Broken\DoublyLinkedListNode.h(25,27): message : see declaration of 'DoublyLinkedListNode<T>::GetPrev'
B:\A drive\Git\CS2250\CS2250_HW_DoublyLinkedList_Broken\CS2250_HW_DoublyLinkedList_Broken\CS2250_DoublyLinkedList_Broken\DoublyLinkedList.cpp(378,46): error C2440: 'initializing': cannot convert from 'DoublyLinkedListNode<int> *const ' to 'DoublyLinkedListNode *'
B:\A drive\Git\CS2250\CS2250_HW_DoublyLinkedList_Broken\CS2250_HW_DoublyLinkedList_Broken\CS2250_DoublyLinkedList_Broken\DoublyLinkedList.cpp(378,30): message : Types pointed to are unrelated; conversion requires reinterpret_cast, C-style cast or parenthesized function-style cast
B:\A drive\Git\CS2250\CS2250_HW_DoublyLinkedList_Broken\CS2250_HW_DoublyLinkedList_Broken\CS2250_DoublyLinkedList_Broken\DoublyLinkedList.cpp(384,26): error C2662: 'int DoublyLinkedListNode<T>::GetData(void) const': cannot convert 'this' pointer from 'DoublyLinkedListNode' to 'const DoublyLinkedListNode<T> &'
B:\A drive\Git\CS2250\CS2250_HW_DoublyLinkedList_Broken\CS2250_HW_DoublyLinkedList_Broken\CS2250_DoublyLinkedList_Broken\DoublyLinkedList.cpp(384,26): message : Reason: cannot convert from 'DoublyLinkedListNode' to 'const DoublyLinkedListNode<T>'
B:\A drive\Git\CS2250\CS2250_HW_DoublyLinkedList_Broken\CS2250_HW_DoublyLinkedList_Broken\CS2250_DoublyLinkedList_Broken\DoublyLinkedList.cpp(384,12): message : Conversion requires a second user-defined-conversion operator or constructor
B:\A drive\Git\CS2250\CS2250_HW_DoublyLinkedList_Broken\CS2250_HW_DoublyLinkedList_Broken\CS2250_DoublyLinkedList_Broken\DoublyLinkedListNode.h(23,6): message : see declaration of 'DoublyLinkedListNode<T>::GetData'
B:\A drive\Git\CS2250\CS2250_HW_DoublyLinkedList_Broken\CS2250_HW_DoublyLinkedList_Broken\CS2250_DoublyLinkedList_Broken\DoublyLinkedList.cpp(387,25): error C2662: 'DoublyLinkedListNode<T> *DoublyLinkedListNode<T>::GetNext(void) const': cannot convert 'this' pointer from 'DoublyLinkedListNode' to 'const DoublyLinkedListNode<T> &'
B:\A drive\Git\CS2250\CS2250_HW_DoublyLinkedList_Broken\CS2250_HW_DoublyLinkedList_Broken\CS2250_DoublyLinkedList_Broken\DoublyLinkedList.cpp(387,25): message : Reason: cannot convert from 'DoublyLinkedListNode' to 'const DoublyLinkedListNode<T>'
B:\A drive\Git\CS2250\CS2250_HW_DoublyLinkedList_Broken\CS2250_HW_DoublyLinkedList_Broken\CS2250_DoublyLinkedList_Broken\DoublyLinkedList.cpp(387,11): message : Conversion requires a second user-defined-conversion operator or constructor
B:\A drive\Git\CS2250\CS2250_HW_DoublyLinkedList_Broken\CS2250_HW_DoublyLinkedList_Broken\CS2250_DoublyLinkedList_Broken\DoublyLinkedListNode.h(24,27): message : see declaration of 'DoublyLinkedListNode<T>::GetNext'
  DoublyLinkedListNode.cpp
  Generating Code...
